2020-06-07 01:25:32,662 INFO New emiter time is: [1, 1, 11]
2020-06-07 01:25:32,662 INFO Monitor Emiter starting
2020-06-07 01:25:32,663 INFO config.yml file's mtime is 1591464283.536166
2020-06-07 01:25:32,663 INFO 1 task start...
2020-06-07 01:26:02,694 INFO 1 task start...
2020-06-07 01:27:02,749 INFO configuration file:config.yml has changed...
2020-06-07 01:27:02,749 INFO Reload config.yml ...
2020-06-07 01:27:02,750 INFO mtime is 1591464399.6001606
2020-06-07 01:27:04,763 INFO New emiter time is: [4, 7]
2020-06-07 01:27:34,774 INFO configuration file:config.yml has changed...
2020-06-07 01:27:34,774 INFO Reload config.yml ...
2020-06-07 01:27:34,775 INFO mtime is 1591464454.0811582
2020-06-07 01:27:34,780 INFO New emiter time is: []
2020-06-07 01:29:04,866 INFO configuration file:config.yml has changed...
2020-06-07 01:29:04,866 INFO Reload config.yml ...
2020-06-07 01:29:04,867 INFO mtime is 1591464543.8881538
2020-06-07 01:29:05,878 INFO New emiter time is: [10]
2020-06-07 01:30:05,935 INFO configuration file:config.yml has changed...
2020-06-07 01:30:05,935 INFO Reload config.yml ...
2020-06-07 01:30:05,936 INFO mtime is 1591464596.9211514
2020-06-07 01:31:05,972 INFO configuration file:config.yml has changed...
2020-06-07 01:31:05,973 INFO Reload config.yml ...
2020-06-07 01:31:05,973 INFO mtime is 1591464653.5211487
